     1                                  [org 0x0100]
     2                                  
     3 00000000 B80000                  mov ax, 0
     4 00000003 BB0000                  mov bx,0
     5                                  
     6                                  outerloop :
     7 00000006 8B87[2E00]                  mov ax,[num1 + bx]
     8 0000000A 3D0000                      cmp ax,0
     9 0000000D 7410                        je	otherloop 
    10                                  
    11                                  
    12 0000000F 0106[3A00]                  add [result],ax
    13 00000013 81C30200                    add bx,2
    14 00000017 81FB0C00                    cmp bx,12
    15 0000001B 75E9                        jne outerloop
    16 0000001D 740A                        je end
    17                                  
    18                                  otherloop:
    19 0000001F 81C30200                    add bx,2
    20 00000023 81FB0C00                    cmp bx,12
    21 00000027 75DD                        jne outerloop
    22                                  
    23                                  
    24                                  
    25                                  end :
    26                                  
    27 00000029 B8004C                  mov ax, 0x4c00
    28 0000002C CD21                    int 0x21
    29                                  
    30 0000002E 020000000000060002-     num1 : dw 2,0,0,6,2,6
    31 00000037 000600             
    32 0000003A 0000                    result: dw 0
